/contrib2/Tim.Smith/graph-ufs/graphufs/training.py:59: UserWarning: Import failed for either mpi4py or mpi4jax.
  warnings.warn("Import failed for either mpi4py or mpi4jax.")
/contrib2/Tim.Smith/graph-ufs/graphufs/stacked_training.py:50: UserWarning: Import failed for either mpi4py or mpi4jax.
  warnings.warn("Import failed for either mpi4py or mpi4jax.")
loss = 7.97901, LR = 1.00e-03: 100%|██████████████████████████| 4747/4747 [1:53:45<00:00,  1.44s/it]
validation loss = 7.97233: 100%|██████████████████████████████████| 325/325 [06:51<00:00,  1.27s/it]
loss = 6.85164, LR = 9.98e-04: 100%|██████████████████████████| 4747/4747 [1:53:47<00:00,  1.44s/it]
validation loss = 7.04001: 100%|██████████████████████████████████| 325/325 [06:46<00:00,  1.25s/it]
loss = 6.28309, LR = 9.95e-04: 100%|██████████████████████████| 4747/4747 [1:53:33<00:00,  1.44s/it]
validation loss = 6.43690: 100%|██████████████████████████████████| 325/325 [06:48<00:00,  1.26s/it]
loss = 6.00985, LR = 9.91e-04: 100%|██████████████████████████| 4747/4747 [1:53:31<00:00,  1.44s/it]
validation loss = 6.25347: 100%|██████████████████████████████████| 325/325 [06:46<00:00,  1.25s/it]
loss = 5.66766, LR = 9.86e-04: 100%|██████████████████████████| 4747/4747 [1:53:11<00:00,  1.43s/it]
validation loss = 5.88483: 100%|██████████████████████████████████| 325/325 [06:46<00:00,  1.25s/it]
loss = 5.45857, LR = 9.80e-04: 100%|██████████████████████████| 4747/4747 [1:53:08<00:00,  1.43s/it]
validation loss = 5.68281: 100%|██████████████████████████████████| 325/325 [06:39<00:00,  1.23s/it]
loss = 5.34704, LR = 9.72e-04: 100%|██████████████████████████| 4747/4747 [1:53:03<00:00,  1.43s/it]
validation loss = 5.37261: 100%|██████████████████████████████████| 325/325 [06:44<00:00,  1.24s/it]
loss = 5.30042, LR = 9.64e-04: 100%|██████████████████████████| 4747/4747 [1:52:55<00:00,  1.43s/it]
validation loss = 5.60581: 100%|██████████████████████████████████| 325/325 [06:48<00:00,  1.26s/it]
loss = 5.01168, LR = 9.54e-04: 100%|██████████████████████████| 4747/4747 [1:52:46<00:00,  1.43s/it]
validation loss = 5.43640: 100%|██████████████████████████████████| 325/325 [06:47<00:00,  1.25s/it]
loss = 5.32312, LR = 9.43e-04: 100%|██████████████████████████| 4747/4747 [1:52:50<00:00,  1.43s/it]
validation loss = 5.28163: 100%|██████████████████████████████████| 325/325 [06:48<00:00,  1.26s/it]
loss = 4.99259, LR = 9.31e-04: 100%|██████████████████████████| 4747/4747 [1:52:50<00:00,  1.43s/it]
validation loss = 5.32814: 100%|██████████████████████████████████| 325/325 [06:45<00:00,  1.25s/it]
loss = 4.94541, LR = 9.18e-04: 100%|██████████████████████████| 4747/4747 [1:52:49<00:00,  1.43s/it]
validation loss = 4.97109: 100%|██████████████████████████████████| 325/325 [06:46<00:00,  1.25s/it]
loss = 4.66367, LR = 9.04e-04: 100%|██████████████████████████| 4747/4747 [1:53:01<00:00,  1.43s/it]
validation loss = 4.90339: 100%|██████████████████████████████████| 325/325 [06:46<00:00,  1.25s/it]
loss = 4.49921, LR = 8.89e-04: 100%|██████████████████████████| 4747/4747 [1:52:56<00:00,  1.43s/it]
validation loss = 4.95291: 100%|██████████████████████████████████| 325/325 [06:47<00:00,  1.25s/it]
loss = 4.82332, LR = 8.73e-04: 100%|██████████████████████████| 4747/4747 [1:53:05<00:00,  1.43s/it]
validation loss = 4.92725: 100%|██████████████████████████████████| 325/325 [06:47<00:00,  1.25s/it]
loss = 4.64619, LR = 8.56e-04: 100%|██████████████████████████| 4747/4747 [1:52:55<00:00,  1.43s/it]
validation loss = 4.80572: 100%|██████████████████████████████████| 325/325 [06:46<00:00,  1.25s/it]
loss = 4.53799, LR = 8.39e-04: 100%|██████████████████████████| 4747/4747 [1:53:19<00:00,  1.43s/it]
validation loss = 4.74135: 100%|██████████████████████████████████| 325/325 [06:47<00:00,  1.25s/it]
loss = 4.38222, LR = 8.20e-04: 100%|██████████████████████████| 4747/4747 [1:53:05<00:00,  1.43s/it]
validation loss = 4.55672: 100%|██████████████████████████████████| 325/325 [06:48<00:00,  1.26s/it]
loss = 4.44099, LR = 8.01e-04: 100%|██████████████████████████| 4747/4747 [1:53:09<00:00,  1.43s/it]
validation loss = 4.58524: 100%|██████████████████████████████████| 325/325 [06:47<00:00,  1.25s/it]
loss = 4.53139, LR = 7.81e-04: 100%|██████████████████████████| 4747/4747 [1:53:10<00:00,  1.43s/it]
validation loss = 4.58286: 100%|██████████████████████████████████| 325/325 [06:48<00:00,  1.26s/it]
loss = 4.36582, LR = 7.60e-04: 100%|██████████████████████████| 4747/4747 [1:53:11<00:00,  1.43s/it]
validation loss = 4.45187: 100%|██████████████████████████████████| 325/325 [06:46<00:00,  1.25s/it]
loss = 4.66324, LR = 7.39e-04: 100%|██████████████████████████| 4747/4747 [1:53:06<00:00,  1.43s/it]
validation loss = 4.70274: 100%|██████████████████████████████████| 325/325 [06:47<00:00,  1.25s/it]
loss = 4.29355, LR = 7.17e-04: 100%|██████████████████████████| 4747/4747 [1:52:53<00:00,  1.43s/it]
validation loss = 4.31617: 100%|██████████████████████████████████| 325/325 [06:46<00:00,  1.25s/it]
loss = 4.20584, LR = 6.94e-04: 100%|██████████████████████████| 4747/4747 [1:52:47<00:00,  1.43s/it]
validation loss = 4.39387: 100%|██████████████████████████████████| 325/325 [06:45<00:00,  1.25s/it]
loss = 4.11608, LR = 6.71e-04: 100%|██████████████████████████| 4747/4747 [1:52:53<00:00,  1.43s/it]
validation loss = 4.15592: 100%|██████████████████████████████████| 325/325 [06:47<00:00,  1.25s/it]
loss = 4.20288, LR = 6.48e-04: 100%|██████████████████████████| 4747/4747 [1:52:52<00:00,  1.43s/it]
validation loss = 4.32418: 100%|██████████████████████████████████| 325/325 [06:44<00:00,  1.25s/it]
loss = 4.18854, LR = 6.24e-04: 100%|██████████████████████████| 4747/4747 [1:53:00<00:00,  1.43s/it]
validation loss = 4.24972: 100%|██████████████████████████████████| 325/325 [06:44<00:00,  1.24s/it]
loss = 4.26730, LR = 6.00e-04: 100%|██████████████████████████| 4747/4747 [1:53:06<00:00,  1.43s/it]
validation loss = 4.30674: 100%|██████████████████████████████████| 325/325 [06:44<00:00,  1.25s/it]
loss = 4.22323, LR = 5.76e-04: 100%|██████████████████████████| 4747/4747 [1:53:13<00:00,  1.43s/it]
validation loss = 4.21276: 100%|██████████████████████████████████| 325/325 [06:46<00:00,  1.25s/it]
loss = 4.08583, LR = 5.52e-04: 100%|██████████████████████████| 4747/4747 [1:53:11<00:00,  1.43s/it]
validation loss = 4.00146: 100%|██████████████████████████████████| 325/325 [06:39<00:00,  1.23s/it]
loss = 4.07329, LR = 5.27e-04: 100%|██████████████████████████| 4747/4747 [1:53:11<00:00,  1.43s/it]
validation loss = 4.12681: 100%|██████████████████████████████████| 325/325 [06:46<00:00,  1.25s/it]
loss = 4.16417, LR = 5.03e-04: 100%|██████████████████████████| 4747/4747 [1:53:12<00:00,  1.43s/it]
validation loss = 4.07314: 100%|██████████████████████████████████| 325/325 [06:48<00:00,  1.26s/it]
loss = 4.00818, LR = 4.78e-04: 100%|██████████████████████████| 4747/4747 [1:53:11<00:00,  1.43s/it]
validation loss = 4.06512: 100%|██████████████████████████████████| 325/325 [06:45<00:00,  1.25s/it]
loss = 3.88374, LR = 4.53e-04: 100%|██████████████████████████| 4747/4747 [1:53:20<00:00,  1.43s/it]
validation loss = 3.93818: 100%|██████████████████████████████████| 325/325 [06:38<00:00,  1.23s/it]
loss = 3.74127, LR = 4.29e-04: 100%|██████████████████████████| 4747/4747 [1:53:22<00:00,  1.43s/it]
validation loss = 3.99215: 100%|██████████████████████████████████| 325/325 [06:43<00:00,  1.24s/it]
loss = 3.84635, LR = 4.05e-04: 100%|██████████████████████████| 4747/4747 [1:53:26<00:00,  1.43s/it]
validation loss = 3.89384: 100%|██████████████████████████████████| 325/325 [06:38<00:00,  1.22s/it]
loss = 3.65175, LR = 3.81e-04: 100%|██████████████████████████| 4747/4747 [1:53:29<00:00,  1.43s/it]
validation loss = 3.87760: 100%|██████████████████████████████████| 325/325 [06:46<00:00,  1.25s/it]
loss = 3.81780, LR = 3.57e-04: 100%|██████████████████████████| 4747/4747 [1:53:37<00:00,  1.44s/it]
validation loss = 3.74057: 100%|██████████████████████████████████| 325/325 [06:48<00:00,  1.26s/it]
loss = 3.76221, LR = 3.33e-04: 100%|██████████████████████████| 4747/4747 [1:53:37<00:00,  1.44s/it]
validation loss = 3.61996: 100%|██████████████████████████████████| 325/325 [06:47<00:00,  1.25s/it]
loss = 3.55317, LR = 3.10e-04: 100%|██████████████████████████| 4747/4747 [1:54:00<00:00,  1.44s/it]
validation loss = 3.62759: 100%|██████████████████████████████████| 325/325 [06:46<00:00,  1.25s/it]
loss = 3.65055, LR = 2.88e-04: 100%|██████████████████████████| 4747/4747 [1:54:04<00:00,  1.44s/it]
validation loss = 3.67983: 100%|██████████████████████████████████| 325/325 [06:49<00:00,  1.26s/it]
loss = 3.43499, LR = 2.66e-04: 100%|██████████████████████████| 4747/4747 [1:53:42<00:00,  1.44s/it]
validation loss = 3.61472: 100%|██████████████████████████████████| 325/325 [06:47<00:00,  1.25s/it]
loss = 3.35470, LR = 2.44e-04: 100%|██████████████████████████| 4747/4747 [1:53:40<00:00,  1.44s/it]
validation loss = 3.57437: 100%|██████████████████████████████████| 325/325 [06:48<00:00,  1.26s/it]
loss = 3.44749, LR = 2.24e-04: 100%|██████████████████████████| 4747/4747 [1:53:47<00:00,  1.44s/it]
validation loss = 3.42123: 100%|██████████████████████████████████| 325/325 [06:48<00:00,  1.26s/it]
loss = 3.21616, LR = 2.03e-04: 100%|██████████████████████████| 4747/4747 [1:53:54<00:00,  1.44s/it]
validation loss = 3.37149: 100%|██████████████████████████████████| 325/325 [06:47<00:00,  1.25s/it]
loss = 3.22855, LR = 1.84e-04: 100%|██████████████████████████| 4747/4747 [1:53:31<00:00,  1.43s/it]
validation loss = 3.42909: 100%|██████████████████████████████████| 325/325 [06:47<00:00,  1.25s/it]
loss = 3.14232, LR = 1.65e-04: 100%|██████████████████████████| 4747/4747 [1:53:25<00:00,  1.43s/it]
validation loss = 3.21827: 100%|██████████████████████████████████| 325/325 [06:45<00:00,  1.25s/it]
loss = 3.12162, LR = 1.47e-04: 100%|██████████████████████████| 4747/4747 [1:53:31<00:00,  1.43s/it]
validation loss = 3.32153: 100%|██████████████████████████████████| 325/325 [06:48<00:00,  1.26s/it]
loss = 3.12472, LR = 1.30e-04: 100%|██████████████████████████| 4747/4747 [1:53:24<00:00,  1.43s/it]
validation loss = 3.20780: 100%|██████████████████████████████████| 325/325 [06:48<00:00,  1.26s/it]
loss = 3.17113, LR = 1.14e-04: 100%|██████████████████████████| 4747/4747 [1:53:08<00:00,  1.43s/it]
validation loss = 3.18224: 100%|██████████████████████████████████| 325/325 [06:46<00:00,  1.25s/it]
loss = 3.04201, LR = 9.90e-05: 100%|██████████████████████████| 4747/4747 [1:53:08<00:00,  1.43s/it]
validation loss = 3.10005: 100%|██████████████████████████████████| 325/325 [06:47<00:00,  1.25s/it]
loss = 2.91723, LR = 8.48e-05: 100%|██████████████████████████| 4747/4747 [1:53:36<00:00,  1.44s/it]
validation loss = 3.13014: 100%|██████████████████████████████████| 325/325 [06:47<00:00,  1.25s/it]
loss = 2.89936, LR = 7.16e-05: 100%|██████████████████████████| 4747/4747 [1:53:17<00:00,  1.43s/it]
validation loss = 2.89892: 100%|██████████████████████████████████| 325/325 [06:46<00:00,  1.25s/it]
loss = 2.79938, LR = 5.94e-05: 100%|██████████████████████████| 4747/4747 [1:53:54<00:00,  1.44s/it]
validation loss = 2.80813: 100%|██████████████████████████████████| 325/325 [06:44<00:00,  1.25s/it]
loss = 2.87161, LR = 4.83e-05: 100%|██████████████████████████| 4747/4747 [1:53:26<00:00,  1.43s/it]
validation loss = 2.98749: 100%|██████████████████████████████████| 325/325 [06:45<00:00,  1.25s/it]
loss = 2.76020, LR = 3.83e-05: 100%|██████████████████████████| 4747/4747 [1:53:33<00:00,  1.44s/it]
validation loss = 2.96076: 100%|██████████████████████████████████| 325/325 [06:48<00:00,  1.26s/it]
loss = 2.72947, LR = 2.94e-05: 100%|██████████████████████████| 4747/4747 [1:53:32<00:00,  1.44s/it]
validation loss = 2.72510: 100%|██████████████████████████████████| 325/325 [06:44<00:00,  1.24s/it]
loss = 2.65611, LR = 2.17e-05: 100%|██████████████████████████| 4747/4747 [1:58:44<00:00,  1.50s/it]
validation loss = 2.78306: 100%|██████████████████████████████████| 325/325 [06:46<00:00,  1.25s/it]
loss = 2.76992, LR = 1.51e-05: 100%|██████████████████████████| 4747/4747 [1:53:06<00:00,  1.43s/it]
validation loss = 2.79826: 100%|██████████████████████████████████| 325/325 [06:45<00:00,  1.25s/it]
loss = 2.49570, LR = 9.67e-06: 100%|██████████████████████████| 4747/4747 [1:53:07<00:00,  1.43s/it]
validation loss = 2.72011: 100%|██████████████████████████████████| 325/325 [06:45<00:00,  1.25s/it]
loss = 2.70434, LR = 5.45e-06: 100%|██████████████████████████| 4747/4747 [1:53:13<00:00,  1.43s/it]
validation loss = 2.64186: 100%|██████████████████████████████████| 325/325 [06:45<00:00,  1.25s/it]
loss = 2.60350, LR = 2.42e-06: 100%|██████████████████████████| 4747/4747 [1:53:12<00:00,  1.43s/it]
validation loss = 2.71598: 100%|██████████████████████████████████| 325/325 [06:46<00:00,  1.25s/it]
loss = 2.59784, LR = 6.07e-07: 100%|██████████████████████████| 4747/4747 [1:53:19<00:00,  1.43s/it]
validation loss = 2.67087: 100%|██████████████████████████████████| 325/325 [06:42<00:00,  1.24s/it]
loss = 2.67118, LR = 0.00e+00: 100%|██████████████████████████| 4747/4747 [1:53:25<00:00,  1.43s/it]
validation loss = 2.68977: 100%|██████████████████████████████████| 325/325 [06:42<00:00,  1.24s/it]
